<?xml version="1.0" encoding="UTF-8"?>
<testng-results ignored="0" total="1" passed="1" failed="0" skipped="0">
  <reporter-output>
  </reporter-output>
  <suite started-at="2022-06-05T06:01:06Z" name="Default suite" finished-at="2022-06-05T06:01:12Z" duration-ms="6697">
    <groups>
    </groups>
    <test started-at="2022-06-05T06:01:06Z" name="Default test" finished-at="2022-06-05T06:01:12Z" duration-ms="6697">
      <class name="apiChainingEmployee.EndToEndEmployeeTest">
        <test-method signature="test1()[pri:0, instance:apiChainingEmployee.EndToEndEmployeeTest@479ceda0]" started-at="2022-06-05T06:01:06Z" name="test1" finished-at="2022-06-05T06:01:12Z" duration-ms="6678" status="PASS">
          <reporter-output>
          </reporter-output>
        </test-method> <!-- test1 -->
      </class> <!-- apiChainingEmployee.EndToEndEmployeeTest -->
    </test> <!-- Default test -->
  </suite> <!-- Default suite -->
</testng-results>
